[26-Nov-2024 21:19:20 UTC] [DEBUG] Intentando conectar a MySQL...
[26-Nov-2024 21:19:20 UTC] [DEBUG] Host: localhost
[26-Nov-2024 21:19:20 UTC] [DEBUG] Usuario: root
[26-Nov-2024 21:19:20 UTC] [DEBUG] Base de datos: Novo_db
[26-Nov-2024 21:19:20 UTC] [ERROR] could not find driver
[26-Nov-2024 21:19:20 UTC] [DEBUG] Intentando conectar a MySQL...
[26-Nov-2024 21:19:20 UTC] [DEBUG] Host: localhost
[26-Nov-2024 21:19:20 UTC] [DEBUG] Usuario: root
[26-Nov-2024 21:19:20 UTC] [DEBUG] Base de datos: Novo_db
[26-Nov-2024 21:19:20 UTC] [ERROR] could not find driver
[26-Nov-2024 21:19:21 UTC] [DEBUG] Intentando conectar a MySQL...
[26-Nov-2024 21:19:21 UTC] [DEBUG] Host: localhost
[26-Nov-2024 21:19:21 UTC] [DEBUG] Usuario: root
[26-Nov-2024 21:19:21 UTC] [DEBUG] Base de datos: Novo_db
[26-Nov-2024 21:19:21 UTC] [ERROR] could not find driver
[26-Nov-2024 21:19:21 UTC] [DEBUG] Intentando conectar a MySQL...
[26-Nov-2024 21:19:21 UTC] [DEBUG] Host: localhost
[26-Nov-2024 21:19:21 UTC] [DEBUG] Usuario: root
[26-Nov-2024 21:19:21 UTC] [DEBUG] Base de datos: Novo_db
[26-Nov-2024 21:19:21 UTC] [ERROR] could not find driver
[26-Nov-2024 21:20:03 UTC] [DEBUG] Intentando conectar a MySQL...
[26-Nov-2024 21:20:03 UTC] [DEBUG] Host: localhost
[26-Nov-2024 21:20:03 UTC] [DEBUG] Usuario: root
[26-Nov-2024 21:20:03 UTC] [DEBUG] Base de datos: Novo_db
[26-Nov-2024 21:20:03 UTC] [ERROR] could not find driver
[26-Nov-2024 21:22:36 UTC] [DEBUG] Intentando conectar a MySQL...
[26-Nov-2024 21:22:36 UTC] [DEBUG] Host: localhost
[26-Nov-2024 21:22:36 UTC] [DEBUG] Usuario: root
[26-Nov-2024 21:22:36 UTC] [DEBUG] Base de datos: Novo_db
[26-Nov-2024 21:22:36 UTC] [ERROR] could not find driver
[26-Nov-2024 21:22:37 UTC] [DEBUG] Intentando conectar a MySQL...
[26-Nov-2024 21:22:37 UTC] [DEBUG] Host: localhost
[26-Nov-2024 21:22:37 UTC] [DEBUG] Usuario: root
[26-Nov-2024 21:22:37 UTC] [DEBUG] Base de datos: Novo_db
[26-Nov-2024 21:22:37 UTC] [ERROR] could not find driver
[26-Nov-2024 21:22:41 UTC] [DEBUG] Intentando conectar a MySQL...
[26-Nov-2024 21:22:41 UTC] [DEBUG] Host: localhost
[26-Nov-2024 21:22:41 UTC] [DEBUG] Usuario: root
[26-Nov-2024 21:22:41 UTC] [DEBUG] Base de datos: Novo_db
[26-Nov-2024 21:22:41 UTC] [ERROR] could not find driver
[26-Nov-2024 21:22:41 UTC] [DEBUG] Intentando conectar a MySQL...
[26-Nov-2024 21:22:41 UTC] [DEBUG] Host: localhost
[26-Nov-2024 21:22:41 UTC] [DEBUG] Usuario: root
[26-Nov-2024 21:22:41 UTC] [DEBUG] Base de datos: Novo_db
[26-Nov-2024 21:22:41 UTC] [ERROR] could not find driver
[26-Nov-2024 21:22:41 UTC] [DEBUG] Intentando conectar a MySQL...
[26-Nov-2024 21:22:41 UTC] [DEBUG] Host: localhost
[26-Nov-2024 21:22:41 UTC] [DEBUG] Usuario: root
[26-Nov-2024 21:22:41 UTC] [DEBUG] Base de datos: Novo_db
[26-Nov-2024 21:22:41 UTC] [ERROR] could not find driver
[26-Nov-2024 21:22:42 UTC] [DEBUG] Intentando conectar a MySQL...
[26-Nov-2024 21:22:42 UTC] [DEBUG] Host: localhost
[26-Nov-2024 21:22:42 UTC] [DEBUG] Usuario: root
[26-Nov-2024 21:22:42 UTC] [DEBUG] Base de datos: Novo_db
[26-Nov-2024 21:22:42 UTC] [ERROR] could not find driver
[26-Nov-2024 21:22:42 UTC] [DEBUG] Intentando conectar a MySQL...
[26-Nov-2024 21:22:42 UTC] [DEBUG] Host: localhost
[26-Nov-2024 21:22:42 UTC] [DEBUG] Usuario: root
[26-Nov-2024 21:22:42 UTC] [DEBUG] Base de datos: Novo_db
[26-Nov-2024 21:22:42 UTC] [ERROR] could not find driver
[26-Nov-2024 21:22:43 UTC] [DEBUG] Intentando conectar a MySQL...
[26-Nov-2024 21:22:43 UTC] [DEBUG] Host: localhost
[26-Nov-2024 21:22:43 UTC] [DEBUG] Usuario: root
[26-Nov-2024 21:22:43 UTC] [DEBUG] Base de datos: Novo_db
[26-Nov-2024 21:22:43 UTC] [ERROR] could not find driver
[26-Nov-2024 21:22:44 UTC] [DEBUG] Intentando conectar a MySQL...
[26-Nov-2024 21:22:44 UTC] [DEBUG] Host: localhost
[26-Nov-2024 21:22:44 UTC] [DEBUG] Usuario: root
[26-Nov-2024 21:22:44 UTC] [DEBUG] Base de datos: Novo_db
[26-Nov-2024 21:22:44 UTC] [ERROR] could not find driver
[26-Nov-2024 21:25:43 UTC] [DEBUG] Intentando conectar a MySQL...
[26-Nov-2024 21:25:43 UTC] [DEBUG] Host: localhost
[26-Nov-2024 21:25:43 UTC] [DEBUG] Usuario: root
[26-Nov-2024 21:25:43 UTC] [DEBUG] Base de datos: Novo_db
[26-Nov-2024 21:25:43 UTC] [ERROR] could not find driver
[26-Nov-2024 21:25:43 UTC] PHP Fatal error:  Uncaught Error: Call to a member function prepare() on null in C:\Users\maylo\OneDrive\Escritorio\novo-front 1\backend\api\products.php:38
Stack trace:
#0 {main}
  thrown in C:\Users\maylo\OneDrive\Escritorio\novo-front 1\backend\api\products.php on line 38
[26-Nov-2024 21:25:43 UTC] [DEBUG] Intentando conectar a MySQL...
[26-Nov-2024 21:25:43 UTC] [DEBUG] Host: localhost
[26-Nov-2024 21:25:43 UTC] [DEBUG] Usuario: root
[26-Nov-2024 21:25:43 UTC] [DEBUG] Base de datos: Novo_db
[26-Nov-2024 21:25:43 UTC] [ERROR] could not find driver
[26-Nov-2024 21:25:43 UTC] PHP Fatal error:  Uncaught Error: Call to a member function prepare() on null in C:\Users\maylo\OneDrive\Escritorio\novo-front 1\backend\api\products.php:38
Stack trace:
#0 {main}
  thrown in C:\Users\maylo\OneDrive\Escritorio\novo-front 1\backend\api\products.php on line 38
[26-Nov-2024 21:25:43 UTC] [DEBUG] Intentando conectar a MySQL...
[26-Nov-2024 21:25:43 UTC] [DEBUG] Host: localhost
[26-Nov-2024 21:25:43 UTC] [DEBUG] Usuario: root
[26-Nov-2024 21:25:43 UTC] [DEBUG] Base de datos: Novo_db
[26-Nov-2024 21:25:43 UTC] [ERROR] could not find driver
[26-Nov-2024 21:25:43 UTC] PHP Fatal error:  Uncaught Error: Call to a member function prepare() on null in C:\Users\maylo\OneDrive\Escritorio\novo-front 1\backend\api\products.php:38
Stack trace:
#0 {main}
  thrown in C:\Users\maylo\OneDrive\Escritorio\novo-front 1\backend\api\products.php on line 38
[26-Nov-2024 21:25:44 UTC] [DEBUG] Intentando conectar a MySQL...
[26-Nov-2024 21:25:44 UTC] [DEBUG] Host: localhost
[26-Nov-2024 21:25:44 UTC] [DEBUG] Usuario: root
[26-Nov-2024 21:25:44 UTC] [DEBUG] Base de datos: Novo_db
[26-Nov-2024 21:25:44 UTC] [ERROR] could not find driver
[26-Nov-2024 21:25:44 UTC] PHP Fatal error:  Uncaught Error: Call to a member function prepare() on null in C:\Users\maylo\OneDrive\Escritorio\novo-front 1\backend\api\products.php:38
Stack trace:
#0 {main}
  thrown in C:\Users\maylo\OneDrive\Escritorio\novo-front 1\backend\api\products.php on line 38
[26-Nov-2024 21:25:45 UTC] [DEBUG] Intentando conectar a MySQL...
[26-Nov-2024 21:25:45 UTC] [DEBUG] Host: localhost
[26-Nov-2024 21:25:45 UTC] [DEBUG] Usuario: root
[26-Nov-2024 21:25:45 UTC] [DEBUG] Base de datos: Novo_db
[26-Nov-2024 21:25:45 UTC] [ERROR] could not find driver
[26-Nov-2024 21:25:45 UTC] PHP Fatal error:  Uncaught Error: Call to a member function prepare() on null in C:\Users\maylo\OneDrive\Escritorio\novo-front 1\backend\api\products.php:38
Stack trace:
#0 {main}
  thrown in C:\Users\maylo\OneDrive\Escritorio\novo-front 1\backend\api\products.php on line 38
[26-Nov-2024 21:25:46 UTC] [DEBUG] Intentando conectar a MySQL...
[26-Nov-2024 21:25:46 UTC] [DEBUG] Host: localhost
[26-Nov-2024 21:25:46 UTC] [DEBUG] Usuario: root
[26-Nov-2024 21:25:46 UTC] [DEBUG] Base de datos: Novo_db
[26-Nov-2024 21:25:46 UTC] [ERROR] could not find driver
[26-Nov-2024 21:25:46 UTC] PHP Fatal error:  Uncaught Error: Call to a member function prepare() on null in C:\Users\maylo\OneDrive\Escritorio\novo-front 1\backend\api\products.php:38
Stack trace:
#0 {main}
  thrown in C:\Users\maylo\OneDrive\Escritorio\novo-front 1\backend\api\products.php on line 38
[26-Nov-2024 21:25:46 UTC] [DEBUG] Intentando conectar a MySQL...
[26-Nov-2024 21:25:46 UTC] [DEBUG] Host: localhost
[26-Nov-2024 21:25:46 UTC] [DEBUG] Usuario: root
[26-Nov-2024 21:25:46 UTC] [DEBUG] Base de datos: Novo_db
[26-Nov-2024 21:25:46 UTC] [ERROR] could not find driver
[26-Nov-2024 21:25:46 UTC] PHP Fatal error:  Uncaught Error: Call to a member function prepare() on null in C:\Users\maylo\OneDrive\Escritorio\novo-front 1\backend\api\products.php:38
Stack trace:
#0 {main}
  thrown in C:\Users\maylo\OneDrive\Escritorio\novo-front 1\backend\api\products.php on line 38
[26-Nov-2024 21:26:45 UTC] [DEBUG] Intentando conectar a MySQL...
[26-Nov-2024 21:26:45 UTC] [DEBUG] Host: localhost
[26-Nov-2024 21:26:45 UTC] [DEBUG] Usuario: root
[26-Nov-2024 21:26:45 UTC] [DEBUG] Base de datos: Novo_db
[26-Nov-2024 21:26:45 UTC] [ERROR] could not find driver
[26-Nov-2024 21:28:09 UTC] [DEBUG] Intentando conectar a MySQL...
[26-Nov-2024 21:28:09 UTC] [DEBUG] Host: 127.0.0.1
[26-Nov-2024 21:28:09 UTC] [DEBUG] Usuario: root
[26-Nov-2024 21:28:09 UTC] [DEBUG] Base de datos: novo_db
[26-Nov-2024 21:28:09 UTC] PHP Fatal error:  Uncaught Error: Undefined constant PDO::MYSQL_ATTR_INIT_COMMAND in C:\Users\maylo\OneDrive\Escritorio\novo-front 1\backend\config\database.php:35
Stack trace:
#0 C:\Users\maylo\OneDrive\Escritorio\novo-front 1\backend\index.php(21): Database->getConnection()
#1 {main}
  thrown in C:\Users\maylo\OneDrive\Escritorio\novo-front 1\backend\config\database.php on line 35
[26-Nov-2024 21:28:10 UTC] [DEBUG] Intentando conectar a MySQL...
[26-Nov-2024 21:28:10 UTC] [DEBUG] Host: 127.0.0.1
[26-Nov-2024 21:28:10 UTC] [DEBUG] Usuario: root
[26-Nov-2024 21:28:10 UTC] [DEBUG] Base de datos: novo_db
[26-Nov-2024 21:28:10 UTC] PHP Fatal error:  Uncaught Error: Undefined constant PDO::MYSQL_ATTR_INIT_COMMAND in C:\Users\maylo\OneDrive\Escritorio\novo-front 1\backend\config\database.php:35
Stack trace:
#0 C:\Users\maylo\OneDrive\Escritorio\novo-front 1\backend\index.php(21): Database->getConnection()
#1 {main}
  thrown in C:\Users\maylo\OneDrive\Escritorio\novo-front 1\backend\config\database.php on line 35
[26-Nov-2024 21:30:06 UTC] [DEBUG] Intentando conectar a MySQL...
[26-Nov-2024 21:30:06 UTC] [DEBUG] Host: 127.0.0.1
[26-Nov-2024 21:30:06 UTC] [DEBUG] Usuario: root
[26-Nov-2024 21:30:06 UTC] [DEBUG] Base de datos: novo_db
[26-Nov-2024 21:30:06 UTC] [ERROR] could not find driver
[26-Nov-2024 21:43:36 UTC] [DEBUG] Intentando conectar a MySQL...
[26-Nov-2024 21:43:36 UTC] [DEBUG] Host: 127.0.0.1
[26-Nov-2024 21:43:36 UTC] [DEBUG] Usuario: root
[26-Nov-2024 21:43:36 UTC] [DEBUG] Base de datos: novo_db
[26-Nov-2024 21:43:36 UTC] [ERROR] could not find driver
[26-Nov-2024 21:55:22 UTC] [DEBUG] Intentando conectar a MySQL...
[26-Nov-2024 21:55:22 UTC] [DEBUG] Host: 127.0.0.1
[26-Nov-2024 21:55:22 UTC] [DEBUG] Usuario: root
[26-Nov-2024 21:55:22 UTC] [DEBUG] Base de datos: novo_db
[26-Nov-2024 21:55:22 UTC] [ERROR] could not find driver
[26-Nov-2024 21:55:57 UTC] [DEBUG] Intentando conectar a MySQL...
[26-Nov-2024 21:55:57 UTC] [DEBUG] Host: 127.0.0.1
[26-Nov-2024 21:55:57 UTC] [DEBUG] Usuario: root
[26-Nov-2024 21:55:57 UTC] [DEBUG] Base de datos: novo_db
[26-Nov-2024 21:55:57 UTC] [ERROR] could not find driver
[26-Nov-2024 21:57:28 UTC] Error de conexión: could not find driver
[26-Nov-2024 21:58:29 UTC] Error de conexión: could not find driver
[26-Nov-2024 21:58:30 UTC] Error de conexión: could not find driver
[26-Nov-2024 21:58:30 UTC] Error de conexión: could not find driver
[26-Nov-2024 21:58:30 UTC] Error de conexión: could not find driver
[26-Nov-2024 21:58:30 UTC] Error de conexión: could not find driver
